E:\PROJECTS\COCOS2D-2.0-RC2-X-2.0.1\ANGLEATTACK\PROJ.WIN32\DEBUG.WIN32\APPDELEGATE.OBJ
E:\PROJECTS\COCOS2D-2.0-RC2-X-2.0.1\ANGLEATTACK\PROJ.WIN32\DEBUG.WIN32\CUSTOMDRAW.OBJ
E:\PROJECTS\COCOS2D-2.0-RC2-X-2.0.1\ANGLEATTACK\PROJ.WIN32\DEBUG.WIN32\HELLOWORLDSCENE.OBJ
E:\PROJECTS\COCOS2D-2.0-RC2-X-2.0.1\ANGLEATTACK\PROJ.WIN32\DEBUG.WIN32\MAIN.OBJ
E:\PROJECTS\COCOS2D-2.0-RC2-X-2.0.1\ANGLEATTACK\PROJ.WIN32\DEBUG.WIN32\VC110.PDB
E:\PROJECTS\COCOS2D-2.0-RC2-X-2.0.1\ANGLEATTACK\PROJ.WIN32\DEBUG.WIN32\ANGLEATTACK.RES
E:\Projects\cocos2d-2.0-rc2-x-2.0.1\AngleAttack\proj.win32\Debug.win32\AppDelegate.obj
E:\Projects\cocos2d-2.0-rc2-x-2.0.1\AngleAttack\proj.win32\Debug.win32\CustomDraw.obj
E:\Projects\cocos2d-2.0-rc2-x-2.0.1\AngleAttack\proj.win32\Debug.win32\HelloWorldScene.obj
E:\Projects\cocos2d-2.0-rc2-x-2.0.1\AngleAttack\proj.win32\Debug.win32\main.obj
E:\Projects\cocos2d-2.0-rc2-x-2.0.1\AngleAttack\proj.win32\Debug.win32\cl.command.1.tlog
E:\Projects\cocos2d-2.0-rc2-x-2.0.1\AngleAttack\proj.win32\Debug.win32\CL.read.1.tlog
E:\Projects\cocos2d-2.0-rc2-x-2.0.1\AngleAttack\proj.win32\Debug.win32\CL.write.1.tlog
E:\Projects\cocos2d-2.0-rc2-x-2.0.1\AngleAttack\proj.win32\Debug.win32\link.command.1.tlog
E:\Projects\cocos2d-2.0-rc2-x-2.0.1\AngleAttack\proj.win32\Debug.win32\link.read.1.tlog
E:\Projects\cocos2d-2.0-rc2-x-2.0.1\AngleAttack\proj.win32\Debug.win32\link.write.1.tlog
E:\Projects\cocos2d-2.0-rc2-x-2.0.1\AngleAttack\proj.win32\Debug.win32\rc.command.1.tlog
E:\Projects\cocos2d-2.0-rc2-x-2.0.1\AngleAttack\proj.win32\Debug.win32\rc.read.1.tlog
E:\Projects\cocos2d-2.0-rc2-x-2.0.1\AngleAttack\proj.win32\Debug.win32\rc.write.1.tlog
E:\Projects\cocos2d-2.0-rc2-x-2.0.1\AngleAttack\proj.win32\Debug.win32\AngleAttack.res
E:\Projects\cocos2d-2.0-rc2-x-2.0.1\AngleAttack\proj.win32\Debug.win32\vc110.idb
E:\Projects\cocos2d-2.0-rc2-x-2.0.1\AngleAttack\proj.win32\Debug.win32\vc110.pdb
