E:\PROJECTS\COCOS2D-2.0-RC2-X-2.0.1\ANGLEATTACK\PROJ.WIN32\RELEASE.WIN32\MAIN.OBJ
E:\PROJECTS\COCOS2D-2.0-RC2-X-2.0.1\ANGLEATTACK\PROJ.WIN32\RELEASE.WIN32\HELLOWORLDSCENE.OBJ
E:\PROJECTS\COCOS2D-2.0-RC2-X-2.0.1\ANGLEATTACK\PROJ.WIN32\RELEASE.WIN32\CUSTOMDRAW.OBJ
E:\PROJECTS\COCOS2D-2.0-RC2-X-2.0.1\ANGLEATTACK\PROJ.WIN32\RELEASE.WIN32\APPDELEGATE.OBJ
E:\PROJECTS\COCOS2D-2.0-RC2-X-2.0.1\RELEASE.WIN32\ANGLEATTACK.WIN32.EXE
E:\PROJECTS\COCOS2D-2.0-RC2-X-2.0.1\ANGLEATTACK\PROJ.WIN32\RELEASE.WIN32\ANGLEATTACK.RES
E:\Projects\cocos2d-2.0-rc2-x-2.0.1\AngleAttack\proj.win32\Release.win32\AppDelegate.obj
E:\Projects\cocos2d-2.0-rc2-x-2.0.1\AngleAttack\proj.win32\Release.win32\CustomDraw.obj
E:\Projects\cocos2d-2.0-rc2-x-2.0.1\AngleAttack\proj.win32\Release.win32\HelloWorldScene.obj
E:\Projects\cocos2d-2.0-rc2-x-2.0.1\AngleAttack\proj.win32\Release.win32\main.obj
E:\Projects\cocos2d-2.0-rc2-x-2.0.1\AngleAttack\proj.win32\Release.win32\cl.command.1.tlog
E:\Projects\cocos2d-2.0-rc2-x-2.0.1\AngleAttack\proj.win32\Release.win32\CL.read.1.tlog
E:\Projects\cocos2d-2.0-rc2-x-2.0.1\AngleAttack\proj.win32\Release.win32\CL.write.1.tlog
E:\Projects\cocos2d-2.0-rc2-x-2.0.1\AngleAttack\proj.win32\Release.win32\link-cvtres.read.1.tlog
E:\Projects\cocos2d-2.0-rc2-x-2.0.1\AngleAttack\proj.win32\Release.win32\link-cvtres.write.1.tlog
E:\Projects\cocos2d-2.0-rc2-x-2.0.1\AngleAttack\proj.win32\Release.win32\link-mt.read.1.tlog
E:\Projects\cocos2d-2.0-rc2-x-2.0.1\AngleAttack\proj.win32\Release.win32\link-mt.write.1.tlog
E:\Projects\cocos2d-2.0-rc2-x-2.0.1\AngleAttack\proj.win32\Release.win32\link-rc.read.1.tlog
E:\Projects\cocos2d-2.0-rc2-x-2.0.1\AngleAttack\proj.win32\Release.win32\link-rc.write.1.tlog
E:\Projects\cocos2d-2.0-rc2-x-2.0.1\AngleAttack\proj.win32\Release.win32\link.command.1.tlog
E:\Projects\cocos2d-2.0-rc2-x-2.0.1\AngleAttack\proj.win32\Release.win32\link.read.1.tlog
E:\Projects\cocos2d-2.0-rc2-x-2.0.1\AngleAttack\proj.win32\Release.win32\link.write.1.tlog
E:\Projects\cocos2d-2.0-rc2-x-2.0.1\AngleAttack\proj.win32\Release.win32\rc.command.1.tlog
E:\Projects\cocos2d-2.0-rc2-x-2.0.1\AngleAttack\proj.win32\Release.win32\rc.read.1.tlog
E:\Projects\cocos2d-2.0-rc2-x-2.0.1\AngleAttack\proj.win32\Release.win32\rc.write.1.tlog
E:\Projects\cocos2d-2.0-rc2-x-2.0.1\AngleAttack\proj.win32\Release.win32\AngleAttack.res
E:\Projects\cocos2d-2.0-rc2-x-2.0.1\Release.win32\AngleAttack.win32.exe
